<?xml version="1.0" encoding="UTF-8"?>
<testng-results skipped="0" failed="0" total="5" passed="5">
  <reporter-output>
  </reporter-output>
  <suite name="com.facebook.tests.RegistrationFieldsValidationTest" duration-ms="21420" started-at="2017-03-18T18:18:38Z" finished-at="2017-03-18T18:18:59Z">
    <groups>
      <group name="p1">
        <method signature="RegistrationFieldsValidationTest.registrationFormInputFields(java.lang.String, java.lang.String, java.lang.String, java.lang.String)[pri:0, instance:com.facebook.tests.RegistrationFieldsValidationTest@13fee20c]" name="registrationFormInputFields" class="com.facebook.tests.RegistrationFieldsValidationTest"/>
      </group> <!-- p1 -->
    </groups>
    <test name="Command line test" duration-ms="21420" started-at="2017-03-18T18:18:38Z" finished-at="2017-03-18T18:18:59Z">
      <class name="com.facebook.tests.RegistrationFieldsValidationTest">
        <test-method status="PASS" signature="setUpDriver()[pri:0, instance:com.facebook.tests.RegistrationFieldsValidationTest@13fee20c]" name="setUpDriver" is-config="true" duration-ms="6750" started-at="2017-03-18T20:18:38Z" finished-at="2017-03-18T20:18:45Z">
          <reporter-output>
          </reporter-output>
        </test-method> <!-- setUpDriver -->
        <test-method status="PASS" signature="registrationFormInputFields(java.lang.String, java.lang.String, java.lang.String, java.lang.String)[pri:0, instance:com.facebook.tests.RegistrationFieldsValidationTest@13fee20c]" name="registrationFormInputFields" duration-ms="6844" started-at="2017-03-18T20:18:45Z" data-provider="registration" finished-at="2017-03-18T20:18:52Z">
          <params>
            <param index="0">
              <value>
                <![CDATA[Filip]]>
              </value>
            </param>
            <param index="1">
              <value>
                <![CDATA[Pestrikov]]>
              </value>
            </param>
            <param index="2">
              <value>
                <![CDATA[filip.pestrikoff@gmail.com]]>
              </value>
            </param>
            <param index="3">
              <value>
                <![CDATA[Devart]]>
              </value>
            </param>
          </params>
          <reporter-output>
          </reporter-output>
        </test-method> <!-- registrationFormInputFields -->
        <test-method status="PASS" signature="registrationFormInputFields(java.lang.String, java.lang.String, java.lang.String, java.lang.String)[pri:0, instance:com.facebook.tests.RegistrationFieldsValidationTest@13fee20c]" name="registrationFormInputFields" duration-ms="1868" started-at="2017-03-18T20:18:52Z" data-provider="registration" finished-at="2017-03-18T20:18:53Z">
          <params>
            <param index="0">
              <value>
                <![CDATA[]]>
              </value>
            </param>
            <param index="1">
              <value>
                <![CDATA[Pestrikov]]>
              </value>
            </param>
            <param index="2">
              <value>
                <![CDATA[filip.pestrikoff@gmail.com]]>
              </value>
            </param>
            <param index="3">
              <value>
                <![CDATA[Devart]]>
              </value>
            </param>
          </params>
          <reporter-output>
          </reporter-output>
        </test-method> <!-- registrationFormInputFields -->
        <test-method status="PASS" signature="registrationFormInputFields(java.lang.String, java.lang.String, java.lang.String, java.lang.String)[pri:0, instance:com.facebook.tests.RegistrationFieldsValidationTest@13fee20c]" name="registrationFormInputFields" duration-ms="1753" started-at="2017-03-18T20:18:53Z" data-provider="registration" finished-at="2017-03-18T20:18:55Z">
          <params>
            <param index="0">
              <value>
                <![CDATA[Filip]]>
              </value>
            </param>
            <param index="1">
              <value>
                <![CDATA[]]>
              </value>
            </param>
            <param index="2">
              <value>
                <![CDATA[filip.pestrikoff@gmail.com]]>
              </value>
            </param>
            <param index="3">
              <value>
                <![CDATA[Devart]]>
              </value>
            </param>
          </params>
          <reporter-output>
          </reporter-output>
        </test-method> <!-- registrationFormInputFields -->
        <test-method status="PASS" signature="registrationFormInputFields(java.lang.String, java.lang.String, java.lang.String, java.lang.String)[pri:0, instance:com.facebook.tests.RegistrationFieldsValidationTest@13fee20c]" name="registrationFormInputFields" duration-ms="1838" started-at="2017-03-18T20:18:55Z" data-provider="registration" finished-at="2017-03-18T20:18:57Z">
          <params>
            <param index="0">
              <value>
                <![CDATA[Filip]]>
              </value>
            </param>
            <param index="1">
              <value>
                <![CDATA[Pestrikov]]>
              </value>
            </param>
            <param index="2">
              <value>
                <![CDATA[]]>
              </value>
            </param>
            <param index="3">
              <value>
                <![CDATA[Devart]]>
              </value>
            </param>
          </params>
          <reporter-output>
          </reporter-output>
        </test-method> <!-- registrationFormInputFields -->
        <test-method status="PASS" signature="registrationFormInputFields(java.lang.String, java.lang.String, java.lang.String, java.lang.String)[pri:0, instance:com.facebook.tests.RegistrationFieldsValidationTest@13fee20c]" name="registrationFormInputFields" duration-ms="1895" started-at="2017-03-18T20:18:57Z" data-provider="registration" finished-at="2017-03-18T20:18:59Z">
          <params>
            <param index="0">
              <value>
                <![CDATA[Filip]]>
              </value>
            </param>
            <param index="1">
              <value>
                <![CDATA[Pestrikov]]>
              </value>
            </param>
            <param index="2">
              <value>
                <![CDATA[filip.pestrikoff@gmail.com]]>
              </value>
            </param>
            <param index="3">
              <value>
                <![CDATA[]]>
              </value>
            </param>
          </params>
          <reporter-output>
          </reporter-output>
        </test-method> <!-- registrationFormInputFields -->
        <test-method status="PASS" signature="TearDown()[pri:0, instance:com.facebook.tests.RegistrationFieldsValidationTest@13fee20c]" name="TearDown" is-config="true" duration-ms="454" started-at="2017-03-18T20:18:59Z" finished-at="2017-03-18T20:18:59Z">
          <reporter-output>
          </reporter-output>
        </test-method> <!-- TearDown -->
      </class> <!-- com.facebook.tests.RegistrationFieldsValidationTest -->
    </test> <!-- Command line test -->
  </suite> <!-- com.facebook.tests.RegistrationFieldsValidationTest -->
</testng-results>
